# JRE version: Java(TM) SE Runtime Environment (8.0_191-b12) (build 1.8.0_191-b12)
# Java VM: Java HotSpot(TM) Client VM (25.191-b12 mixed mode windows-x86 )
Heap:
 def new generation   total 70016K, used 6788K [0x05400000, 0x09ff0000, 0x0fea0000)
  eden space 62272K,  10% used [0x05400000, 0x05aa10e8, 0x090d0000)
  from space 7744K,   0% used [0x090d0000, 0x090d0000, 0x09860000)
  to   space 7744K,   0% used [0x09860000, 0x09860000, 0x09ff0000)
 tenured generation   total 155428K, used 115851K [0x0fea0000, 0x19669000, 0x25400000)
   the space 155428K,  74% used [0x0fea0000, 0x16fc2f58, 0x16fc3000, 0x19669000)
 Metaspace       used 20935K, capacity 21446K, committed 21632K, reserved 21888K
GC Heap History (10 events):
Event: 3.237 GC heap before
{Heap before GC invocations=6 (full 1):
 def new generation   total 58368K, used 48622K [0x05400000, 0x09350000, 0x0fea0000)
  eden space 51904K,  93% used [0x05400000, 0x0837b988, 0x086b0000)
  from space 6464K,   0% used [0x086b0000, 0x086b0000, 0x08d00000)
  to   space 6464K,   0% used [0x08d00000, 0x08d00000, 0x09350000)
 tenured generation   total 129548K, used 77726K [0x0fea0000, 0x17d23000, 0x25400000)
   the space 129548K,  59% used [0x0fea0000, 0x14a879b8, 0x14a87a00, 0x17d23000)
 Metaspace       used 18424K, capacity 18902K, committed 18944K, reserved 19840K
Event: 3.256 GC heap after
Heap after GC invocations=7 (full 1):
 def new generation   total 58368K, used 6464K [0x05400000, 0x09350000, 0x0fea0000)
  eden space 51904K,   0% used [0x05400000, 0x05400000, 0x086b0000)
  from space 6464K, 100% used [0x08d00000, 0x09350000, 0x09350000)
  to   space 6464K,   0% used [0x086b0000, 0x086b0000, 0x08d00000)
 tenured generation   total 129548K, used 79465K [0x0fea0000, 0x17d23000, 0x25400000)
   the space 129548K,  61% used [0x0fea0000, 0x14c3a4b8, 0x14c3a600, 0x17d23000)
 Metaspace       used 18424K, capacity 18902K, committed 18944K, reserved 19840K
}
Event: 40.289 GC heap before
{Heap before GC invocations=7 (full 1):
 def new generation   total 58368K, used 36855K [0x05400000, 0x09350000, 0x0fea0000)
  eden space 51904K,  58% used [0x05400000, 0x071adcd0, 0x086b0000)
  from space 6464K, 100% used [0x08d00000, 0x09350000, 0x09350000)
  to   space 6464K,   0% used [0x086b0000, 0x086b0000, 0x08d00000)
 tenured generation   total 129548K, used 79465K [0x0fea0000, 0x17d23000, 0x25400000)
   the space 129548K,  61% used [0x0fea0000, 0x14c3a4b8, 0x14c3a600, 0x17d23000)
 Metaspace       used 19993K, capacity 20446K, committed 20480K, reserved 20864K
Event: 40.380 GC heap after
Heap after GC invocations=8 (full 2):
 def new generation   total 70016K, used 0K [0x05400000, 0x09ff0000, 0x0fea0000)
  eden space 62272K,   0% used [0x05400000, 0x05400000, 0x090d0000)
  from space 7744K,   0% used [0x090d0000, 0x090d0000, 0x09860000)
  to   space 7744K,   0% used [0x09860000, 0x09860000, 0x09ff0000)
 tenured generation   total 155428K, used 93255K [0x0fea0000, 0x19669000, 0x25400000)
   the space 155428K,  59% used [0x0fea0000, 0x159b1f90, 0x159b2000, 0x19669000)
 Metaspace       used 19993K, capacity 20446K, committed 20480K, reserved 20864K
}
Event: 63.559 GC heap before
{Heap before GC invocations=8 (full 2):
 def new generation   total 70016K, used 56266K [0x05400000, 0x09ff0000, 0x0fea0000)
  eden space 62272K,  90% used [0x05400000, 0x08af2be8, 0x090d0000)
  from space 7744K,   0% used [0x090d0000, 0x090d0000, 0x09860000)
  to   space 7744K,   0% used [0x09860000, 0x09860000, 0x09ff0000)
 tenured generation   total 155428K, used 93255K [0x0fea0000, 0x19669000, 0x25400000)
   the space 155428K,  59% used [0x0fea0000, 0x159b1f90, 0x159b2000, 0x19669000)
 Metaspace       used 20853K, capacity 21378K, committed 21504K, reserved 21888K
Event: 63.569 GC heap after
Heap after GC invocations=9 (full 2):
 def new generation   total 70016K, used 2305K [0x05400000, 0x09ff0000, 0x0fea0000)
  eden space 62272K,   0% used [0x05400000, 0x05400000, 0x090d0000)
  from space 7744K,  29% used [0x09860000, 0x09aa04c0, 0x09ff0000)
  to   space 7744K,   0% used [0x090d0000, 0x090d0000, 0x09860000)
 tenured generation   total 155428K, used 109303K [0x0fea0000, 0x19669000, 0x25400000)
   the space 155428K,  70% used [0x0fea0000, 0x1695dfa0, 0x1695e000, 0x19669000)
 Metaspace       used 20853K, capacity 21378K, committed 21504K, reserved 21888K
}
Event: 63.605 GC heap before
{Heap before GC invocations=9 (full 2):
 def new generation   total 70016K, used 34859K [0x05400000, 0x09ff0000, 0x0fea0000)
  eden space 62272K,  52% used [0x05400000, 0x073caa58, 0x090d0000)
  from space 7744K,  29% used [0x09860000, 0x09aa04c0, 0x09ff0000)
  to   space 7744K,   0% used [0x090d0000, 0x090d0000, 0x09860000)
 tenured generation   total 155428K, used 109303K [0x0fea0000, 0x19669000, 0x25400000)
   the space 155428K,  70% used [0x0fea0000, 0x1695dfa0, 0x1695e000, 0x19669000)
 Metaspace       used 20854K, capacity 21378K, committed 21504K, reserved 21888K
Event: 63.723 GC heap after
Heap after GC invocations=10 (full 3):
 def new generation   total 70016K, used 0K [0x05400000, 0x09ff0000, 0x0fea0000)
  eden space 62272K,   0% used [0x05400000, 0x05400000, 0x090d0000)
  from space 7744K,   0% used [0x090d0000, 0x090d0000, 0x09860000)
  to   space 7744K,   0% used [0x09860000, 0x09860000, 0x09ff0000)
 tenured generation   total 155428K, used 126104K [0x0fea0000, 0x19669000, 0x25400000)
   the space 155428K,  81% used [0x0fea0000, 0x179c63f8, 0x179c6400, 0x19669000)
 Metaspace       used 20854K, capacity 21378K, committed 21504K, reserved 21888K
}
Event: 63.723 GC heap before
{Heap before GC invocations=10 (full 3):
 def new generation   total 70016K, used 0K [0x05400000, 0x09ff0000, 0x0fea0000)
  eden space 62272K,   0% used [0x05400000, 0x05400000, 0x090d0000)
  from space 7744K,   0% used [0x090d0000, 0x090d0000, 0x09860000)
  to   space 7744K,   0% used [0x09860000, 0x09860000, 0x09ff0000)
 tenured generation   total 155428K, used 126104K [0x0fea0000, 0x19669000, 0x25400000)
   the space 155428K,  81% used [0x0fea0000, 0x179c63f8, 0x179c6400, 0x19669000)
 Metaspace       used 20854K, capacity 21378K, committed 21504K, reserved 21888K
Event: 63.822 GC heap after
Heap after GC invocations=11 (full 4):
 def new generation   total 70016K, used 0K [0x05400000, 0x09ff0000, 0x0fea0000)
  eden space 62272K,   0% used [0x05400000, 0x05400000, 0x090d0000)
  from space 7744K,   0% used [0x090d0000, 0x090d0000, 0x09860000)
  to   space 7744K,   0% used [0x09860000, 0x09860000, 0x09ff0000)
 tenured generation   total 155428K, used 115851K [0x0fea0000, 0x19669000, 0x25400000)
   the space 155428K,  74% used [0x0fea0000, 0x16fc2f58, 0x16fc3000, 0x19669000)
 Metaspace       used 20800K, capacity 21300K, committed 21504K, reserved 21888K
}

