# JRE version: Java(TM) SE Runtime Environment (8.0_191-b12) (build 1.8.0_191-b12)
# Java VM: Java HotSpot(TM) Client VM (25.191-b12 mixed mode windows-x86 )
Heap:
 def new generation   total 39296K, used 9462K [0x05800000, 0x082a0000, 0x102a0000)
  eden space 34944K,  14% used [0x05800000, 0x05cfd8c0, 0x07a20000)
  from space 4352K, 100% used [0x07e60000, 0x082a0000, 0x082a0000)
  to   space 4352K,   0% used [0x07a20000, 0x07a20000, 0x07e60000)
 tenured generation   total 87424K, used 72830K [0x102a0000, 0x15800000, 0x25800000)
   the space 87424K,  83% used [0x102a0000, 0x149bfab0, 0x149bfc00, 0x15800000)
 Metaspace       used 12015K, capacity 12270K, committed 12288K, reserved 12672K
GC Heap History (10 events):
Event: 0.938 GC heap before
{Heap before GC invocations=0 (full 0):
 def new generation   total 39296K, used 34944K [0x05800000, 0x082a0000, 0x102a0000)
  eden space 34944K, 100% used [0x05800000, 0x07a20000, 0x07a20000)
  from space 4352K,   0% used [0x07a20000, 0x07a20000, 0x07e60000)
  to   space 4352K,   0% used [0x07e60000, 0x07e60000, 0x082a0000)
 tenured generation   total 87424K, used 0K [0x102a0000, 0x15800000, 0x25800000)
   the space 87424K,   0% used [0x102a0000, 0x102a0000, 0x102a0200, 0x15800000)
 Metaspace       used 10149K, capacity 10323K, committed 10368K, reserved 10624K
Event: 0.945 GC heap after
Heap after GC invocations=1 (full 0):
 def new generation   total 39296K, used 4352K [0x05800000, 0x082a0000, 0x102a0000)
  eden space 34944K,   0% used [0x05800000, 0x05800000, 0x07a20000)
  from space 4352K, 100% used [0x07e60000, 0x082a0000, 0x082a0000)
  to   space 4352K,   0% used [0x07a20000, 0x07a20000, 0x07e60000)
 tenured generation   total 87424K, used 2870K [0x102a0000, 0x15800000, 0x25800000)
   the space 87424K,   3% used [0x102a0000, 0x1056dac8, 0x1056dc00, 0x15800000)
 Metaspace       used 10149K, capacity 10323K, committed 10368K, reserved 10624K
}
Event: 1.169 GC heap before
{Heap before GC invocations=1 (full 0):
 def new generation   total 39296K, used 39296K [0x05800000, 0x082a0000, 0x102a0000)
  eden space 34944K, 100% used [0x05800000, 0x07a20000, 0x07a20000)
  from space 4352K, 100% used [0x07e60000, 0x082a0000, 0x082a0000)
  to   space 4352K,   0% used [0x07a20000, 0x07a20000, 0x07e60000)
 tenured generation   total 87424K, used 2870K [0x102a0000, 0x15800000, 0x25800000)
   the space 87424K,   3% used [0x102a0000, 0x1056dac8, 0x1056dc00, 0x15800000)
 Metaspace       used 11053K, capacity 11255K, committed 11264K, reserved 11648K
Event: 1.179 GC heap after
Heap after GC invocations=2 (full 0):
 def new generation   total 39296K, used 4174K [0x05800000, 0x082a0000, 0x102a0000)
  eden space 34944K,   0% used [0x05800000, 0x05800000, 0x07a20000)
  from space 4352K,  95% used [0x07a20000, 0x07e33888, 0x07e60000)
  to   space 4352K,   0% used [0x07e60000, 0x07e60000, 0x082a0000)
 tenured generation   total 87424K, used 6086K [0x102a0000, 0x15800000, 0x25800000)
   the space 87424K,   6% used [0x102a0000, 0x10891a28, 0x10891c00, 0x15800000)
 Metaspace       used 11053K, capacity 11255K, committed 11264K, reserved 11648K
}
Event: 1.328 GC heap before
{Heap before GC invocations=2 (full 0):
 def new generation   total 39296K, used 39118K [0x05800000, 0x082a0000, 0x102a0000)
  eden space 34944K, 100% used [0x05800000, 0x07a20000, 0x07a20000)
  from space 4352K,  95% used [0x07a20000, 0x07e33888, 0x07e60000)
  to   space 4352K,   0% used [0x07e60000, 0x07e60000, 0x082a0000)
 tenured generation   total 87424K, used 6086K [0x102a0000, 0x15800000, 0x25800000)
   the space 87424K,   6% used [0x102a0000, 0x10891a28, 0x10891c00, 0x15800000)
 Metaspace       used 11136K, capacity 11356K, committed 11392K, reserved 11648K
Event: 1.372 GC heap after
Heap after GC invocations=3 (full 0):
 def new generation   total 39296K, used 4352K [0x05800000, 0x082a0000, 0x102a0000)
  eden space 34944K,   0% used [0x05800000, 0x05800000, 0x07a20000)
  from space 4352K, 100% used [0x07e60000, 0x082a0000, 0x082a0000)
  to   space 4352K,   0% used [0x07a20000, 0x07a20000, 0x07e60000)
 tenured generation   total 87424K, used 32369K [0x102a0000, 0x15800000, 0x25800000)
   the space 87424K,  37% used [0x102a0000, 0x1223c7b8, 0x1223c800, 0x15800000)
 Metaspace       used 11136K, capacity 11356K, committed 11392K, reserved 11648K
}
Event: 1.467 GC heap before
{Heap before GC invocations=3 (full 0):
 def new generation   total 39296K, used 39296K [0x05800000, 0x082a0000, 0x102a0000)
  eden space 34944K, 100% used [0x05800000, 0x07a20000, 0x07a20000)
  from space 4352K, 100% used [0x07e60000, 0x082a0000, 0x082a0000)
  to   space 4352K,   0% used [0x07a20000, 0x07a20000, 0x07e60000)
 tenured generation   total 87424K, used 32369K [0x102a0000, 0x15800000, 0x25800000)
   the space 87424K,  37% used [0x102a0000, 0x1223c7b8, 0x1223c800, 0x15800000)
 Metaspace       used 11136K, capacity 11356K, committed 11392K, reserved 11648K
Event: 1.511 GC heap after
Heap after GC invocations=4 (full 0):
 def new generation   total 39296K, used 4352K [0x05800000, 0x082a0000, 0x102a0000)
  eden space 34944K,   0% used [0x05800000, 0x05800000, 0x07a20000)
  from space 4352K, 100% used [0x07a20000, 0x07e60000, 0x07e60000)
  to   space 4352K,   0% used [0x07e60000, 0x07e60000, 0x082a0000)
 tenured generation   total 87424K, used 65915K [0x102a0000, 0x15800000, 0x25800000)
   the space 87424K,  75% used [0x102a0000, 0x142fed08, 0x142fee00, 0x15800000)
 Metaspace       used 11136K, capacity 11356K, committed 11392K, reserved 11648K
}
Event: 1.728 GC heap before
{Heap before GC invocations=4 (full 0):
 def new generation   total 39296K, used 39296K [0x05800000, 0x082a0000, 0x102a0000)
  eden space 34944K, 100% used [0x05800000, 0x07a20000, 0x07a20000)
  from space 4352K, 100% used [0x07a20000, 0x07e60000, 0x07e60000)
  to   space 4352K,   0% used [0x07e60000, 0x07e60000, 0x082a0000)
 tenured generation   total 87424K, used 65915K [0x102a0000, 0x15800000, 0x25800000)
   the space 87424K,  75% used [0x102a0000, 0x142fed08, 0x142fee00, 0x15800000)
 Metaspace       used 11731K, capacity 11967K, committed 12032K, reserved 12672K
Event: 1.744 GC heap after
Heap after GC invocations=5 (full 0):
 def new generation   total 39296K, used 4352K [0x05800000, 0x082a0000, 0x102a0000)
  eden space 34944K,   0% used [0x05800000, 0x05800000, 0x07a20000)
  from space 4352K, 100% used [0x07e60000, 0x082a0000, 0x082a0000)
  to   space 4352K,   0% used [0x07a20000, 0x07a20000, 0x07e60000)
 tenured generation   total 87424K, used 72830K [0x102a0000, 0x15800000, 0x25800000)
   the space 87424K,  83% used [0x102a0000, 0x149bfab0, 0x149bfc00, 0x15800000)
 Metaspace       used 11731K, capacity 11967K, committed 12032K, reserved 12672K
}

