# JRE version: Java(TM) SE Runtime Environment (8.0_191-b12) (build 1.8.0_191-b12)
# Java VM: Java HotSpot(TM) Client VM (25.191-b12 mixed mode windows-x86 )
Heap:
 def new generation   total 58368K, used 32680K [0x04e00000, 0x08d50000, 0x0f8a0000)
  eden space 51904K,  61% used [0x04e00000, 0x06d58010, 0x080b0000)
  from space 6464K,   9% used [0x08700000, 0x08792248, 0x08d50000)
  to   space 6464K,  13% used [0x080b0000, 0x08184150, 0x08700000)
 tenured generation   total 129568K, used 106784K [0x0f8a0000, 0x17728000, 0x24e00000)
   the space 129568K,  82% used [0x0f8a0000, 0x160e80c8, 0x160e8200, 0x17728000)
 Metaspace       used 20766K, capacity 21266K, committed 21376K, reserved 22912K
GC Heap History (10 events):
Event: 1.465 GC heap after
Heap after GC invocations=5 (full 0):
 def new generation   total 39296K, used 4352K [0x04e00000, 0x078a0000, 0x0f8a0000)
  eden space 34944K,   0% used [0x04e00000, 0x04e00000, 0x07020000)
  from space 4352K, 100% used [0x07460000, 0x078a0000, 0x078a0000)
  to   space 4352K,   0% used [0x07020000, 0x07020000, 0x07460000)
 tenured generation   total 87424K, used 72866K [0x0f8a0000, 0x14e00000, 0x24e00000)
   the space 87424K,  83% used [0x0f8a0000, 0x13fc8830, 0x13fc8a00, 0x14e00000)
 Metaspace       used 11815K, capacity 12063K, committed 12160K, reserved 12672K
}
Event: 1.540 GC heap before
{Heap before GC invocations=5 (full 0):
 def new generation   total 39296K, used 9734K [0x04e00000, 0x078a0000, 0x0f8a0000)
  eden space 34944K,  15% used [0x04e00000, 0x05341b38, 0x07020000)
  from space 4352K, 100% used [0x07460000, 0x078a0000, 0x078a0000)
  to   space 4352K,   0% used [0x07020000, 0x07020000, 0x07460000)
 tenured generation   total 87424K, used 72866K [0x0f8a0000, 0x14e00000, 0x24e00000)
   the space 87424K,  83% used [0x0f8a0000, 0x13fc8830, 0x13fc8a00, 0x14e00000)
 Metaspace       used 12015K, capacity 12270K, committed 12288K, reserved 12672K
Event: 1.624 GC heap after
Heap after GC invocations=6 (full 1):
 def new generation   total 58368K, used 0K [0x04e00000, 0x08d50000, 0x0f8a0000)
  eden space 51904K,   0% used [0x04e00000, 0x04e00000, 0x080b0000)
  from space 6464K,   0% used [0x080b0000, 0x080b0000, 0x08700000)
  to   space 6464K,   0% used [0x08700000, 0x08700000, 0x08d50000)
 tenured generation   total 129568K, used 77739K [0x0f8a0000, 0x17728000, 0x24e00000)
   the space 129568K,  59% used [0x0f8a0000, 0x1448ac18, 0x1448ae00, 0x17728000)
 Metaspace       used 12015K, capacity 12270K, committed 12288K, reserved 12672K
}
Event: 3.017 GC heap before
{Heap before GC invocations=6 (full 1):
 def new generation   total 58368K, used 49128K [0x04e00000, 0x08d50000, 0x0f8a0000)
  eden space 51904K,  94% used [0x04e00000, 0x07dfa030, 0x080b0000)
  from space 6464K,   0% used [0x080b0000, 0x080b0000, 0x08700000)
  to   space 6464K,   0% used [0x08700000, 0x08700000, 0x08d50000)
 tenured generation   total 129568K, used 77739K [0x0f8a0000, 0x17728000, 0x24e00000)
   the space 129568K,  59% used [0x0f8a0000, 0x1448ac18, 0x1448ae00, 0x17728000)
 Metaspace       used 18430K, capacity 18902K, committed 18944K, reserved 19840K
Event: 3.037 GC heap after
Heap after GC invocations=7 (full 1):
 def new generation   total 58368K, used 6464K [0x04e00000, 0x08d50000, 0x0f8a0000)
  eden space 51904K,   0% used [0x04e00000, 0x04e00000, 0x080b0000)
  from space 6464K, 100% used [0x08700000, 0x08d50000, 0x08d50000)
  to   space 6464K,   0% used [0x080b0000, 0x080b0000, 0x08700000)
 tenured generation   total 129568K, used 79475K [0x0f8a0000, 0x17728000, 0x24e00000)
   the space 129568K,  61% used [0x0f8a0000, 0x1463cf60, 0x1463d000, 0x17728000)
 Metaspace       used 18430K, capacity 18902K, committed 18944K, reserved 19840K
}
Event: 62.924 GC heap before
{Heap before GC invocations=7 (full 1):
 def new generation   total 58368K, used 34470K [0x04e00000, 0x08d50000, 0x0f8a0000)
  eden space 51904K,  53% used [0x04e00000, 0x06959980, 0x080b0000)
  from space 6464K, 100% used [0x08700000, 0x08d50000, 0x08d50000)
  to   space 6464K,   0% used [0x080b0000, 0x080b0000, 0x08700000)
 tenured generation   total 129568K, used 79475K [0x0f8a0000, 0x17728000, 0x24e00000)
   the space 129568K,  61% used [0x0f8a0000, 0x1463cf60, 0x1463d000, 0x17728000)
 Metaspace       used 20000K, capacity 20438K, committed 20480K, reserved 20864K
Event: 63.202 GC heap after
Heap after GC invocations=8 (full 2):
 def new generation   total 58368K, used 0K [0x04e00000, 0x08d50000, 0x0f8a0000)
  eden space 51904K,   0% used [0x04e00000, 0x04e00000, 0x080b0000)
  from space 6464K,   0% used [0x08700000, 0x08700000, 0x08d50000)
  to   space 6464K,   0% used [0x080b0000, 0x080b0000, 0x08700000)
 tenured generation   total 129568K, used 90736K [0x0f8a0000, 0x17728000, 0x24e00000)
   the space 129568K,  70% used [0x0f8a0000, 0x1513c0b8, 0x1513c200, 0x17728000)
 Metaspace       used 20000K, capacity 20438K, committed 20480K, reserved 20864K
}
Event: 63.803 GC heap before
{Heap before GC invocations=8 (full 2):
 def new generation   total 58368K, used 39206K [0x04e00000, 0x08d50000, 0x0f8a0000)
  eden space 51904K,  75% used [0x04e00000, 0x07449860, 0x080b0000)
  from space 6464K,   0% used [0x08700000, 0x08700000, 0x08d50000)
  to   space 6464K,   0% used [0x080b0000, 0x080b0000, 0x08700000)
 tenured generation   total 129568K, used 90736K [0x0f8a0000, 0x17728000, 0x24e00000)
   the space 129568K,  70% used [0x0f8a0000, 0x1513c0b8, 0x1513c200, 0x17728000)
 Metaspace       used 20766K, capacity 21266K, committed 21376K, reserved 22912K
Event: 63.813 GC heap after
Heap after GC invocations=9 (full 2):
 def new generation   total 58368K, used 848K [0x04e00000, 0x08d50000, 0x0f8a0000)
  eden space 51904K,   0% used [0x04e00000, 0x04e00000, 0x080b0000)
  from space 6464K,  13% used [0x080b0000, 0x08184150, 0x08700000)
  to   space 6464K,   0% used [0x08700000, 0x08700000, 0x08d50000)
 tenured generation   total 129568K, used 106784K [0x0f8a0000, 0x17728000, 0x24e00000)
   the space 129568K,  82% used [0x0f8a0000, 0x160e80c8, 0x160e8200, 0x17728000)
 Metaspace       used 20766K, capacity 21266K, committed 21376K, reserved 22912K
}
Event: 63.837 GC heap before
{Heap before GC invocations=9 (full 2):
 def new generation   total 58368K, used 32944K [0x04e00000, 0x08d50000, 0x0f8a0000)
  eden space 51904K,  61% used [0x04e00000, 0x06d58010, 0x080b0000)
  from space 6464K,  13% used [0x080b0000, 0x08184150, 0x08700000)
  to   space 6464K,   0% used [0x08700000, 0x08700000, 0x08d50000)
 tenured generation   total 129568K, used 106784K [0x0f8a0000, 0x17728000, 0x24e00000)
   the space 129568K,  82% used [0x0f8a0000, 0x160e80c8, 0x160e8200, 0x17728000)
 Metaspace       used 20766K, capacity 21266K, committed 21376K, reserved 22912K

